# JRE version: OpenJDK Runtime Environment (8.0_152-b01) (build 1.8.0_152-release-915-b01)
# Java VM: OpenJDK 64-Bit Server VM (25.152-b01 mixed mode windows-amd64 compressed oops)
Heap:
 PSYoungGen      total 410624K, used 182849K [0x00000000e0000000, 0x00000000fac00000, 0x0000000100000000)
  eden space 389120K, 41% used [0x00000000e0000000,0x00000000e9d945d0,0x00000000f7c00000)
  from space 21504K, 99% used [0x00000000f9100000,0x00000000fa5fbed8,0x00000000fa600000)
  to   space 21504K, 0% used [0x00000000f7c00000,0x00000000f7c00000,0x00000000f9100000)
 ParOldGen       total 307200K, used 29708K [0x00000000a0000000, 0x00000000b2c00000, 0x00000000e0000000)
  object space 307200K, 9% used [0x00000000a0000000,0x00000000a1d03070,0x00000000b2c00000)
 Metaspace       used 55589K, capacity 57864K, committed 58112K, reserved 1099776K
  class space    used 7608K, capacity 8181K, committed 8192K, reserved 1048576K
GC Heap History (10 events):
Event: 3.341 GC heap before
{Heap before GC invocations=2 (full 0):
 PSYoungGen      total 153088K, used 37400K [0x00000000e0000000, 0x00000000f2b00000, 0x0000000100000000)
  eden space 131584K, 17% used [0x00000000e0000000,0x00000000e16c3860,0x00000000e8080000)
  from space 21504K, 65% used [0x00000000e8080000,0x00000000e8e42980,0x00000000e9580000)
  to   space 21504K, 0% used [0x00000000f1600000,0x00000000f1600000,0x00000000f2b00000)
 ParOldGen       total 349696K, used 16K [0x00000000a0000000, 0x00000000b5580000, 0x00000000e0000000)
  object space 349696K, 0% used [0x00000000a0000000,0x00000000a0004000,0x00000000b5580000)
 Metaspace       used 20723K, capacity 21112K, committed 21248K, reserved 1067008K
  class space    used 2865K, capacity 3035K, committed 3072K, reserved 1048576K
Event: 3.352 GC heap after
Heap after GC invocations=2 (full 0):
 PSYoungGen      total 284672K, used 8113K [0x00000000e0000000, 0x00000000f2b00000, 0x0000000100000000)
  eden space 263168K, 0% used [0x00000000e0000000,0x00000000e0000000,0x00000000f0100000)
  from space 21504K, 37% used [0x00000000f1600000,0x00000000f1dec538,0x00000000f2b00000)
  to   space 21504K, 0% used [0x00000000f0100000,0x00000000f0100000,0x00000000f1600000)
 ParOldGen       total 349696K, used 24K [0x00000000a0000000, 0x00000000b5580000, 0x00000000e0000000)
  object space 349696K, 0% used [0x00000000a0000000,0x00000000a0006000,0x00000000b5580000)
 Metaspace       used 20723K, capacity 21112K, committed 21248K, reserved 1067008K
  class space    used 2865K, capacity 3035K, committed 3072K, reserved 1048576K
}
Event: 3.352 GC heap before
{Heap before GC invocations=3 (full 1):
 PSYoungGen      total 284672K, used 8113K [0x00000000e0000000, 0x00000000f2b00000, 0x0000000100000000)
  eden space 263168K, 0% used [0x00000000e0000000,0x00000000e0000000,0x00000000f0100000)
  from space 21504K, 37% used [0x00000000f1600000,0x00000000f1dec538,0x00000000f2b00000)
  to   space 21504K, 0% used [0x00000000f0100000,0x00000000f0100000,0x00000000f1600000)
 ParOldGen       total 349696K, used 24K [0x00000000a0000000, 0x00000000b5580000, 0x00000000e0000000)
  object space 349696K, 0% used [0x00000000a0000000,0x00000000a0006000,0x00000000b5580000)
 Metaspace       used 20723K, capacity 21112K, committed 21248K, reserved 1067008K
  class space    used 2865K, capacity 3035K, committed 3072K, reserved 1048576K
Event: 3.397 GC heap after
Heap after GC invocations=3 (full 1):
 PSYoungGen      total 284672K, used 0K [0x00000000e0000000, 0x00000000f2b00000, 0x0000000100000000)
  eden space 263168K, 0% used [0x00000000e0000000,0x00000000e0000000,0x00000000f0100000)
  from space 21504K, 0% used [0x00000000f1600000,0x00000000f1600000,0x00000000f2b00000)
  to   space 21504K, 0% used [0x00000000f0100000,0x00000000f0100000,0x00000000f1600000)
 ParOldGen       total 198656K, used 7883K [0x00000000a0000000, 0x00000000ac200000, 0x00000000e0000000)
  object space 198656K, 3% used [0x00000000a0000000,0x00000000a07b2f40,0x00000000ac200000)
 Metaspace       used 20723K, capacity 21112K, committed 21248K, reserved 1067008K
  class space    used 2865K, capacity 3035K, committed 3072K, reserved 1048576K
}
Event: 8.912 GC heap before
{Heap before GC invocations=4 (full 1):
 PSYoungGen      total 284672K, used 214883K [0x00000000e0000000, 0x00000000f2b00000, 0x0000000100000000)
  eden space 263168K, 81% used [0x00000000e0000000,0x00000000ed1d8f40,0x00000000f0100000)
  from space 21504K, 0% used [0x00000000f1600000,0x00000000f1600000,0x00000000f2b00000)
  to   space 21504K, 0% used [0x00000000f0100000,0x00000000f0100000,0x00000000f1600000)
 ParOldGen       total 198656K, used 7883K [0x00000000a0000000, 0x00000000ac200000, 0x00000000e0000000)
  object space 198656K, 3% used [0x00000000a0000000,0x00000000a07b2f40,0x00000000ac200000)
 Metaspace       used 34508K, capacity 35304K, committed 35416K, reserved 1079296K
  class space    used 4707K, capacity 5034K, committed 5120K, reserved 1048576K
Event: 8.930 GC heap after
Heap after GC invocations=4 (full 1):
 PSYoungGen      total 284672K, used 17278K [0x00000000e0000000, 0x00000000fa600000, 0x0000000100000000)
  eden space 263168K, 0% used [0x00000000e0000000,0x00000000e0000000,0x00000000f0100000)
  from space 21504K, 80% used [0x00000000f0100000,0x00000000f11dfab0,0x00000000f1600000)
  to   space 21504K, 0% used [0x00000000f9100000,0x00000000f9100000,0x00000000fa600000)
 ParOldGen       total 198656K, used 7963K [0x00000000a0000000, 0x00000000ac200000, 0x00000000e0000000)
  object space 198656K, 4% used [0x00000000a0000000,0x00000000a07c6f50,0x00000000ac200000)
 Metaspace       used 34508K, capacity 35304K, committed 35416K, reserved 1079296K
  class space    used 4707K, capacity 5034K, committed 5120K, reserved 1048576K
}
Event: 8.930 GC heap before
{Heap before GC invocations=5 (full 2):
 PSYoungGen      total 284672K, used 17278K [0x00000000e0000000, 0x00000000fa600000, 0x0000000100000000)
  eden space 263168K, 0% used [0x00000000e0000000,0x00000000e0000000,0x00000000f0100000)
  from space 21504K, 80% used [0x00000000f0100000,0x00000000f11dfab0,0x00000000f1600000)
  to   space 21504K, 0% used [0x00000000f9100000,0x00000000f9100000,0x00000000fa600000)
 ParOldGen       total 198656K, used 7963K [0x00000000a0000000, 0x00000000ac200000, 0x00000000e0000000)
  object space 198656K, 4% used [0x00000000a0000000,0x00000000a07c6f50,0x00000000ac200000)
 Metaspace       used 34508K, capacity 35304K, committed 35416K, reserved 1079296K
  class space    used 4707K, capacity 5034K, committed 5120K, reserved 1048576K
Event: 8.982 GC heap after
Heap after GC invocations=5 (full 2):
 PSYoungGen      total 284672K, used 0K [0x00000000e0000000, 0x00000000fa600000, 0x0000000100000000)
  eden space 263168K, 0% used [0x00000000e0000000,0x00000000e0000000,0x00000000f0100000)
  from space 21504K, 0% used [0x00000000f0100000,0x00000000f0100000,0x00000000f1600000)
  to   space 21504K, 0% used [0x00000000f9100000,0x00000000f9100000,0x00000000fa600000)
 ParOldGen       total 307200K, used 22867K [0x00000000a0000000, 0x00000000b2c00000, 0x00000000e0000000)
  object space 307200K, 7% used [0x00000000a0000000,0x00000000a1654de0,0x00000000b2c00000)
 Metaspace       used 34508K, capacity 35304K, committed 35416K, reserved 1079296K
  class space    used 4707K, capacity 5034K, committed 5120K, reserved 1048576K
}
Event: 12.108 GC heap before
{Heap before GC invocations=6 (full 2):
 PSYoungGen      total 284672K, used 263168K [0x00000000e0000000, 0x00000000fa600000, 0x0000000100000000)
  eden space 263168K, 100% used [0x00000000e0000000,0x00000000f0100000,0x00000000f0100000)
  from space 21504K, 0% used [0x00000000f0100000,0x00000000f0100000,0x00000000f1600000)
  to   space 21504K, 0% used [0x00000000f9100000,0x00000000f9100000,0x00000000fa600000)
 ParOldGen       total 307200K, used 22867K [0x00000000a0000000, 0x00000000b2c00000, 0x00000000e0000000)
  object space 307200K, 7% used [0x00000000a0000000,0x00000000a1654de0,0x00000000b2c00000)
 Metaspace       used 53043K, capacity 54874K, committed 55168K, reserved 1097728K
  class space    used 7272K, capacity 7768K, committed 7808K, reserved 1048576K
Event: 12.139 GC heap after
Heap after GC invocations=6 (full 2):
 PSYoungGen      total 410624K, used 21487K [0x00000000e0000000, 0x00000000fac00000, 0x0000000100000000)
  eden space 389120K, 0% used [0x00000000e0000000,0x00000000e0000000,0x00000000f7c00000)
  from space 21504K, 99% used [0x00000000f9100000,0x00000000fa5fbed8,0x00000000fa600000)
  to   space 21504K, 0% used [0x00000000f7c00000,0x00000000f7c00000,0x00000000f9100000)
 ParOldGen       total 307200K, used 29708K [0x00000000a0000000, 0x00000000b2c00000, 0x00000000e0000000)
  object space 307200K, 9% used [0x00000000a0000000,0x00000000a1d03070,0x00000000b2c00000)
 Metaspace       used 53043K, capacity 54874K, committed 55168K, reserved 1097728K
  class space    used 7272K, capacity 7768K, committed 7808K, reserved 1048576K
}

