# JRE version: OpenJDK Runtime Environment (8.0_152-b01) (build 1.8.0_152-release-915-b01)
# Java VM: OpenJDK 64-Bit Server VM (25.152-b01 mixed mode windows-amd64 compressed oops)
Heap:
 PSYoungGen      total 211456K, used 145650K [0x00000000e0000000, 0x00000000eeb00000, 0x0000000100000000)
  eden space 197632K, 73% used [0x00000000e0000000,0x00000000e8e3cb50,0x00000000ec100000)
  from space 13824K, 0% used [0x00000000edd80000,0x00000000edd80000,0x00000000eeb00000)
  to   space 21504K, 0% used [0x00000000ec100000,0x00000000ec100000,0x00000000ed600000)
 ParOldGen       total 288256K, used 16502K [0x00000000a0000000, 0x00000000b1980000, 0x00000000e0000000)
  object space 288256K, 5% used [0x00000000a0000000,0x00000000a101dbc8,0x00000000b1980000)
 Metaspace       used 46553K, capacity 47754K, committed 48000K, reserved 1091584K
  class space    used 6272K, capacity 6667K, committed 6784K, reserved 1048576K
GC Heap History (10 events):
Event: 2.660 GC heap before
{Heap before GC invocations=2 (full 0):
 PSYoungGen      total 153088K, used 37894K [0x00000000e0000000, 0x00000000eaa80000, 0x0000000100000000)
  eden space 131584K, 17% used [0x00000000e0000000,0x00000000e1708398,0x00000000e8080000)
  from space 21504K, 66% used [0x00000000e8080000,0x00000000e8e79620,0x00000000e9580000)
  to   space 21504K, 0% used [0x00000000e9580000,0x00000000e9580000,0x00000000eaa80000)
 ParOldGen       total 349696K, used 16K [0x00000000a0000000, 0x00000000b5580000, 0x00000000e0000000)
  object space 349696K, 0% used [0x00000000a0000000,0x00000000a0004000,0x00000000b5580000)
 Metaspace       used 20748K, capacity 21130K, committed 21248K, reserved 1067008K
  class space    used 2880K, capacity 3038K, committed 3072K, reserved 1048576K
Event: 2.669 GC heap after
Heap after GC invocations=2 (full 0):
 PSYoungGen      total 153088K, used 8412K [0x00000000e0000000, 0x00000000f2b00000, 0x0000000100000000)
  eden space 131584K, 0% used [0x00000000e0000000,0x00000000e0000000,0x00000000e8080000)
  from space 21504K, 39% used [0x00000000e9580000,0x00000000e9db7080,0x00000000eaa80000)
  to   space 21504K, 0% used [0x00000000e8080000,0x00000000e8080000,0x00000000e9580000)
 ParOldGen       total 349696K, used 24K [0x00000000a0000000, 0x00000000b5580000, 0x00000000e0000000)
  object space 349696K, 0% used [0x00000000a0000000,0x00000000a0006000,0x00000000b5580000)
 Metaspace       used 20748K, capacity 21130K, committed 21248K, reserved 1067008K
  class space    used 2880K, capacity 3038K, committed 3072K, reserved 1048576K
}
Event: 2.669 GC heap before
{Heap before GC invocations=3 (full 1):
 PSYoungGen      total 153088K, used 8412K [0x00000000e0000000, 0x00000000f2b00000, 0x0000000100000000)
  eden space 131584K, 0% used [0x00000000e0000000,0x00000000e0000000,0x00000000e8080000)
  from space 21504K, 39% used [0x00000000e9580000,0x00000000e9db7080,0x00000000eaa80000)
  to   space 21504K, 0% used [0x00000000e8080000,0x00000000e8080000,0x00000000e9580000)
 ParOldGen       total 349696K, used 24K [0x00000000a0000000, 0x00000000b5580000, 0x00000000e0000000)
  object space 349696K, 0% used [0x00000000a0000000,0x00000000a0006000,0x00000000b5580000)
 Metaspace       used 20748K, capacity 21130K, committed 21248K, reserved 1067008K
  class space    used 2880K, capacity 3038K, committed 3072K, reserved 1048576K
Event: 2.703 GC heap after
Heap after GC invocations=3 (full 1):
 PSYoungGen      total 153088K, used 0K [0x00000000e0000000, 0x00000000f2b00000, 0x0000000100000000)
  eden space 131584K, 0% used [0x00000000e0000000,0x00000000e0000000,0x00000000e8080000)
  from space 21504K, 0% used [0x00000000e9580000,0x00000000e9580000,0x00000000eaa80000)
  to   space 21504K, 0% used [0x00000000e8080000,0x00000000e8080000,0x00000000e9580000)
 ParOldGen       total 190976K, used 8132K [0x00000000a0000000, 0x00000000aba80000, 0x00000000e0000000)
  object space 190976K, 4% used [0x00000000a0000000,0x00000000a07f1128,0x00000000aba80000)
 Metaspace       used 20748K, capacity 21130K, committed 21248K, reserved 1067008K
  class space    used 2880K, capacity 3038K, committed 3072K, reserved 1048576K
}
Event: 4.412 GC heap before
{Heap before GC invocations=4 (full 1):
 PSYoungGen      total 153088K, used 131584K [0x00000000e0000000, 0x00000000f2b00000, 0x0000000100000000)
  eden space 131584K, 100% used [0x00000000e0000000,0x00000000e8080000,0x00000000e8080000)
  from space 21504K, 0% used [0x00000000e9580000,0x00000000e9580000,0x00000000eaa80000)
  to   space 21504K, 0% used [0x00000000e8080000,0x00000000e8080000,0x00000000e9580000)
 ParOldGen       total 190976K, used 8132K [0x00000000a0000000, 0x00000000aba80000, 0x00000000e0000000)
  object space 190976K, 4% used [0x00000000a0000000,0x00000000a07f1128,0x00000000aba80000)
 Metaspace       used 31067K, capacity 31772K, committed 32000K, reserved 1077248K
  class space    used 4296K, capacity 4551K, committed 4608K, reserved 1048576K
Event: 4.425 GC heap after
Heap after GC invocations=4 (full 1):
 PSYoungGen      total 153088K, used 13228K [0x00000000e0000000, 0x00000000ef280000, 0x0000000100000000)
  eden space 131584K, 0% used [0x00000000e0000000,0x00000000e0000000,0x00000000e8080000)
  from space 21504K, 61% used [0x00000000e8080000,0x00000000e8d6b158,0x00000000e9580000)
  to   space 21504K, 0% used [0x00000000edd80000,0x00000000edd80000,0x00000000ef280000)
 ParOldGen       total 190976K, used 8204K [0x00000000a0000000, 0x00000000aba80000, 0x00000000e0000000)
  object space 190976K, 4% used [0x00000000a0000000,0x00000000a0803138,0x00000000aba80000)
 Metaspace       used 31067K, capacity 31772K, committed 32000K, reserved 1077248K
  class space    used 4296K, capacity 4551K, committed 4608K, reserved 1048576K
}
Event: 7.521 GC heap before
{Heap before GC invocations=5 (full 1):
 PSYoungGen      total 153088K, used 93866K [0x00000000e0000000, 0x00000000ef280000, 0x0000000100000000)
  eden space 131584K, 61% used [0x00000000e0000000,0x00000000e4ebf8a8,0x00000000e8080000)
  from space 21504K, 61% used [0x00000000e8080000,0x00000000e8d6b158,0x00000000e9580000)
  to   space 21504K, 0% used [0x00000000edd80000,0x00000000edd80000,0x00000000ef280000)
 ParOldGen       total 190976K, used 8204K [0x00000000a0000000, 0x00000000aba80000, 0x00000000e0000000)
  object space 190976K, 4% used [0x00000000a0000000,0x00000000a0803138,0x00000000aba80000)
 Metaspace       used 34461K, capacity 35322K, committed 35416K, reserved 1079296K
  class space    used 4705K, capacity 5037K, committed 5120K, reserved 1048576K
Event: 7.529 GC heap after
Heap after GC invocations=5 (full 1):
 PSYoungGen      total 211456K, used 10260K [0x00000000e0000000, 0x00000000eeb00000, 0x0000000100000000)
  eden space 197632K, 0% used [0x00000000e0000000,0x00000000e0000000,0x00000000ec100000)
  from space 13824K, 74% used [0x00000000edd80000,0x00000000ee785398,0x00000000eeb00000)
  to   space 21504K, 0% used [0x00000000ec100000,0x00000000ec100000,0x00000000ed600000)
 ParOldGen       total 190976K, used 8212K [0x00000000a0000000, 0x00000000aba80000, 0x00000000e0000000)
  object space 190976K, 4% used [0x00000000a0000000,0x00000000a0805138,0x00000000aba80000)
 Metaspace       used 34461K, capacity 35322K, committed 35416K, reserved 1079296K
  class space    used 4705K, capacity 5037K, committed 5120K, reserved 1048576K
}
Event: 7.529 GC heap before
{Heap before GC invocations=6 (full 2):
 PSYoungGen      total 211456K, used 10260K [0x00000000e0000000, 0x00000000eeb00000, 0x0000000100000000)
  eden space 197632K, 0% used [0x00000000e0000000,0x00000000e0000000,0x00000000ec100000)
  from space 13824K, 74% used [0x00000000edd80000,0x00000000ee785398,0x00000000eeb00000)
  to   space 21504K, 0% used [0x00000000ec100000,0x00000000ec100000,0x00000000ed600000)
 ParOldGen       total 190976K, used 8212K [0x00000000a0000000, 0x00000000aba80000, 0x00000000e0000000)
  object space 190976K, 4% used [0x00000000a0000000,0x00000000a0805138,0x00000000aba80000)
 Metaspace       used 34461K, capacity 35322K, committed 35416K, reserved 1079296K
  class space    used 4705K, capacity 5037K, committed 5120K, reserved 1048576K
Event: 7.574 GC heap after
Heap after GC invocations=6 (full 2):
 PSYoungGen      total 211456K, used 0K [0x00000000e0000000, 0x00000000eeb00000, 0x0000000100000000)
  eden space 197632K, 0% used [0x00000000e0000000,0x00000000e0000000,0x00000000ec100000)
  from space 13824K, 0% used [0x00000000edd80000,0x00000000edd80000,0x00000000eeb00000)
  to   space 21504K, 0% used [0x00000000ec100000,0x00000000ec100000,0x00000000ed600000)
 ParOldGen       total 288256K, used 16502K [0x00000000a0000000, 0x00000000b1980000, 0x00000000e0000000)
  object space 288256K, 5% used [0x00000000a0000000,0x00000000a101dbc8,0x00000000b1980000)
 Metaspace       used 34461K, capacity 35322K, committed 35416K, reserved 1079296K
  class space    used 4705K, capacity 5037K, committed 5120K, reserved 1048576K
}

