# JRE version: OpenJDK Runtime Environment (8.0_152-b01) (build 1.8.0_152-release-915-b01)
# Java VM: OpenJDK 64-Bit Server VM (25.152-b01 mixed mode windows-amd64 compressed oops)
Heap:
 PSYoungGen      total 329728K, used 28501K [0x00000000e0000000, 0x00000000f9d00000, 0x0000000100000000)
  eden space 314880K, 4% used [0x00000000e0000000,0x00000000e0d97050,0x00000000f3380000)
  from space 14848K, 98% used [0x00000000f7300000,0x00000000f813e4f0,0x00000000f8180000)
  to   space 28160K, 0% used [0x00000000f8180000,0x00000000f8180000,0x00000000f9d00000)
 ParOldGen       total 494080K, used 47148K [0x00000000a0000000, 0x00000000be280000, 0x00000000e0000000)
  object space 494080K, 9% used [0x00000000a0000000,0x00000000a2e0b168,0x00000000be280000)
 Metaspace       used 65808K, capacity 69476K, committed 69504K, reserved 1110016K
  class space    used 8708K, capacity 9592K, committed 9600K, reserved 1048576K
GC Heap History (10 events):
Event: 11.088 GC heap before
{Heap before GC invocations=8 (full 2):
 PSYoungGen      total 208384K, used 206073K [0x00000000e0000000, 0x00000000f2880000, 0x0000000100000000)
  eden space 186880K, 100% used [0x00000000e0000000,0x00000000eb680000,0x00000000eb680000)
  from space 21504K, 89% used [0x00000000eb680000,0x00000000ec93e4d8,0x00000000ecb80000)
  to   space 20480K, 0% used [0x00000000f1480000,0x00000000f1480000,0x00000000f2880000)
 ParOldGen       total 329728K, used 16522K [0x00000000a0000000, 0x00000000b4200000, 0x00000000e0000000)
  object space 329728K, 5% used [0x00000000a0000000,0x00000000a10228d8,0x00000000b4200000)
 Metaspace       used 54556K, capacity 56634K, committed 56832K, reserved 1097728K
  class space    used 7529K, capacity 8112K, committed 8192K, reserved 1048576K
Event: 11.121 GC heap after
Heap after GC invocations=8 (full 2):
 PSYoungGen      total 273408K, used 20476K [0x00000000e0000000, 0x00000000f5280000, 0x0000000100000000)
  eden space 252928K, 0% used [0x00000000e0000000,0x00000000e0000000,0x00000000ef700000)
  from space 20480K, 99% used [0x00000000f1480000,0x00000000f287f2f8,0x00000000f2880000)
  to   space 30208K, 0% used [0x00000000ef700000,0x00000000ef700000,0x00000000f1480000)
 ParOldGen       total 329728K, used 28283K [0x00000000a0000000, 0x00000000b4200000, 0x00000000e0000000)
  object space 329728K, 8% used [0x00000000a0000000,0x00000000a1b9ece0,0x00000000b4200000)
 Metaspace       used 54556K, capacity 56634K, committed 56832K, reserved 1097728K
  class space    used 7529K, capacity 8112K, committed 8192K, reserved 1048576K
}
Event: 12.486 GC heap before
{Heap before GC invocations=9 (full 2):
 PSYoungGen      total 273408K, used 81440K [0x00000000e0000000, 0x00000000f5280000, 0x0000000100000000)
  eden space 252928K, 24% used [0x00000000e0000000,0x00000000e3b89008,0x00000000ef700000)
  from space 20480K, 99% used [0x00000000f1480000,0x00000000f287f2f8,0x00000000f2880000)
  to   space 30208K, 0% used [0x00000000ef700000,0x00000000ef700000,0x00000000f1480000)
 ParOldGen       total 329728K, used 28283K [0x00000000a0000000, 0x00000000b4200000, 0x00000000e0000000)
  object space 329728K, 8% used [0x00000000a0000000,0x00000000a1b9ece0,0x00000000b4200000)
 Metaspace       used 56447K, capacity 58866K, committed 59028K, reserved 1099776K
  class space    used 7727K, capacity 8345K, committed 8448K, reserved 1048576K
Event: 12.506 GC heap after
Heap after GC invocations=9 (full 2):
 PSYoungGen      total 283136K, used 24105K [0x00000000e0000000, 0x00000000fbc00000, 0x0000000100000000)
  eden space 252928K, 0% used [0x00000000e0000000,0x00000000e0000000,0x00000000ef700000)
  from space 30208K, 79% used [0x00000000ef700000,0x00000000f0e8a6e8,0x00000000f1480000)
  to   space 32256K, 0% used [0x00000000f9c80000,0x00000000f9c80000,0x00000000fbc00000)
 ParOldGen       total 329728K, used 28291K [0x00000000a0000000, 0x00000000b4200000, 0x00000000e0000000)
  object space 329728K, 8% used [0x00000000a0000000,0x00000000a1ba0ce0,0x00000000b4200000)
 Metaspace       used 56447K, capacity 58866K, committed 59028K, reserved 1099776K
  class space    used 7727K, capacity 8345K, committed 8448K, reserved 1048576K
}
Event: 12.506 GC heap before
{Heap before GC invocations=10 (full 3):
 PSYoungGen      total 283136K, used 24105K [0x00000000e0000000, 0x00000000fbc00000, 0x0000000100000000)
  eden space 252928K, 0% used [0x00000000e0000000,0x00000000e0000000,0x00000000ef700000)
  from space 30208K, 79% used [0x00000000ef700000,0x00000000f0e8a6e8,0x00000000f1480000)
  to   space 32256K, 0% used [0x00000000f9c80000,0x00000000f9c80000,0x00000000fbc00000)
 ParOldGen       total 329728K, used 28291K [0x00000000a0000000, 0x00000000b4200000, 0x00000000e0000000)
  object space 329728K, 8% used [0x00000000a0000000,0x00000000a1ba0ce0,0x00000000b4200000)
 Metaspace       used 56447K, capacity 58866K, committed 59028K, reserved 1099776K
  class space    used 7727K, capacity 8345K, committed 8448K, reserved 1048576K
Event: 12.794 GC heap after
Heap after GC invocations=10 (full 3):
 PSYoungGen      total 283136K, used 0K [0x00000000e0000000, 0x00000000fbc00000, 0x0000000100000000)
  eden space 252928K, 0% used [0x00000000e0000000,0x00000000e0000000,0x00000000ef700000)
  from space 30208K, 0% used [0x00000000ef700000,0x00000000ef700000,0x00000000f1480000)
  to   space 32256K, 0% used [0x00000000f9c80000,0x00000000f9c80000,0x00000000fbc00000)
 ParOldGen       total 494080K, used 47132K [0x00000000a0000000, 0x00000000be280000, 0x00000000e0000000)
  object space 494080K, 9% used [0x00000000a0000000,0x00000000a2e07168,0x00000000be280000)
 Metaspace       used 56447K, capacity 58866K, committed 59028K, reserved 1099776K
  class space    used 7727K, capacity 8345K, committed 8448K, reserved 1048576K
}
Event: 23.930 GC heap before
{Heap before GC invocations=11 (full 3):
 PSYoungGen      total 283136K, used 252928K [0x00000000e0000000, 0x00000000fbc00000, 0x0000000100000000)
  eden space 252928K, 100% used [0x00000000e0000000,0x00000000ef700000,0x00000000ef700000)
  from space 30208K, 0% used [0x00000000ef700000,0x00000000ef700000,0x00000000f1480000)
  to   space 32256K, 0% used [0x00000000f9c80000,0x00000000f9c80000,0x00000000fbc00000)
 ParOldGen       total 494080K, used 47132K [0x00000000a0000000, 0x00000000be280000, 0x00000000e0000000)
  object space 494080K, 9% used [0x00000000a0000000,0x00000000a2e07168,0x00000000be280000)
 Metaspace       used 63267K, capacity 66228K, committed 66304K, reserved 1105920K
  class space    used 8448K, capacity 9178K, committed 9216K, reserved 1048576K
Event: 23.945 GC heap after
Heap after GC invocations=11 (full 3):
 PSYoungGen      total 340480K, used 18629K [0x00000000e0000000, 0x00000000faf00000, 0x0000000100000000)
  eden space 321536K, 0% used [0x00000000e0000000,0x00000000e0000000,0x00000000f3a00000)
  from space 18944K, 98% used [0x00000000f9c80000,0x00000000faeb1670,0x00000000faf00000)
  to   space 30720K, 0% used [0x00000000f7300000,0x00000000f7300000,0x00000000f9100000)
 ParOldGen       total 494080K, used 47140K [0x00000000a0000000, 0x00000000be280000, 0x00000000e0000000)
  object space 494080K, 9% used [0x00000000a0000000,0x00000000a2e09168,0x00000000be280000)
 Metaspace       used 63267K, capacity 66228K, committed 66304K, reserved 1105920K
  class space    used 8448K, capacity 9178K, committed 9216K, reserved 1048576K
}
Event: 1437.663 GC heap before
{Heap before GC invocations=12 (full 3):
 PSYoungGen      total 340480K, used 340165K [0x00000000e0000000, 0x00000000faf00000, 0x0000000100000000)
  eden space 321536K, 100% used [0x00000000e0000000,0x00000000f3a00000,0x00000000f3a00000)
  from space 18944K, 98% used [0x00000000f9c80000,0x00000000faeb1670,0x00000000faf00000)
  to   space 30720K, 0% used [0x00000000f7300000,0x00000000f7300000,0x00000000f9100000)
 ParOldGen       total 494080K, used 47140K [0x00000000a0000000, 0x00000000be280000, 0x00000000e0000000)
  object space 494080K, 9% used [0x00000000a0000000,0x00000000a2e09168,0x00000000be280000)
 Metaspace       used 65754K, capacity 69380K, committed 69504K, reserved 1110016K
  class space    used 8699K, capacity 9576K, committed 9600K, reserved 1048576K
Event: 1437.689 GC heap after
Heap after GC invocations=12 (full 3):
 PSYoungGen      total 329728K, used 14585K [0x00000000e0000000, 0x00000000f9d00000, 0x0000000100000000)
  eden space 314880K, 0% used [0x00000000e0000000,0x00000000e0000000,0x00000000f3380000)
  from space 14848K, 98% used [0x00000000f7300000,0x00000000f813e4f0,0x00000000f8180000)
  to   space 28160K, 0% used [0x00000000f8180000,0x00000000f8180000,0x00000000f9d00000)
 ParOldGen       total 494080K, used 47148K [0x00000000a0000000, 0x00000000be280000, 0x00000000e0000000)
  object space 494080K, 9% used [0x00000000a0000000,0x00000000a2e0b168,0x00000000be280000)
 Metaspace       used 65754K, capacity 69380K, committed 69504K, reserved 1110016K
  class space    used 8699K, capacity 9576K, committed 9600K, reserved 1048576K
}

