# JRE version: OpenJDK Runtime Environment (8.0_152-b01) (build 1.8.0_152-release-915-b01)
# Java VM: OpenJDK 64-Bit Server VM (25.152-b01 mixed mode windows-amd64 compressed oops)
Heap:
 PSYoungGen      total 209920K, used 121810K [0x00000000e0000000, 0x00000000ee380000, 0x0000000100000000)
  eden space 188416K, 64% used [0x00000000e0000000,0x00000000e76f4ab8,0x00000000eb800000)
  from space 21504K, 0% used [0x00000000ecd00000,0x00000000ecd00000,0x00000000ee200000)
  to   space 21504K, 0% used [0x00000000eb800000,0x00000000eb800000,0x00000000ecd00000)
 ParOldGen       total 335872K, used 16385K [0x00000000a0000000, 0x00000000b4800000, 0x00000000e0000000)
  object space 335872K, 4% used [0x00000000a0000000,0x00000000a1000458,0x00000000b4800000)
 Metaspace       used 42778K, capacity 43842K, committed 44160K, reserved 1087488K
  class space    used 5767K, capacity 6155K, committed 6272K, reserved 1048576K
GC Heap History (10 events):
Event: 2.153 GC heap before
{Heap before GC invocations=2 (full 0):
 PSYoungGen      total 153088K, used 37450K [0x00000000e0000000, 0x00000000eaa80000, 0x0000000100000000)
  eden space 131584K, 17% used [0x00000000e0000000,0x00000000e16c3e90,0x00000000e8080000)
  from space 21504K, 65% used [0x00000000e8080000,0x00000000e8e4ecb0,0x00000000e9580000)
  to   space 21504K, 0% used [0x00000000e9580000,0x00000000e9580000,0x00000000eaa80000)
 ParOldGen       total 349696K, used 16K [0x00000000a0000000, 0x00000000b5580000, 0x00000000e0000000)
  object space 349696K, 0% used [0x00000000a0000000,0x00000000a0004000,0x00000000b5580000)
 Metaspace       used 20717K, capacity 21112K, committed 21248K, reserved 1067008K
  class space    used 2870K, capacity 3035K, committed 3072K, reserved 1048576K
Event: 2.163 GC heap after
Heap after GC invocations=2 (full 0):
 PSYoungGen      total 153088K, used 8234K [0x00000000e0000000, 0x00000000f2b00000, 0x0000000100000000)
  eden space 131584K, 0% used [0x00000000e0000000,0x00000000e0000000,0x00000000e8080000)
  from space 21504K, 38% used [0x00000000e9580000,0x00000000e9d8ab58,0x00000000eaa80000)
  to   space 21504K, 0% used [0x00000000e8080000,0x00000000e8080000,0x00000000e9580000)
 ParOldGen       total 349696K, used 24K [0x00000000a0000000, 0x00000000b5580000, 0x00000000e0000000)
  object space 349696K, 0% used [0x00000000a0000000,0x00000000a0006000,0x00000000b5580000)
 Metaspace       used 20717K, capacity 21112K, committed 21248K, reserved 1067008K
  class space    used 2870K, capacity 3035K, committed 3072K, reserved 1048576K
}
Event: 2.163 GC heap before
{Heap before GC invocations=3 (full 1):
 PSYoungGen      total 153088K, used 8234K [0x00000000e0000000, 0x00000000f2b00000, 0x0000000100000000)
  eden space 131584K, 0% used [0x00000000e0000000,0x00000000e0000000,0x00000000e8080000)
  from space 21504K, 38% used [0x00000000e9580000,0x00000000e9d8ab58,0x00000000eaa80000)
  to   space 21504K, 0% used [0x00000000e8080000,0x00000000e8080000,0x00000000e9580000)
 ParOldGen       total 349696K, used 24K [0x00000000a0000000, 0x00000000b5580000, 0x00000000e0000000)
  object space 349696K, 0% used [0x00000000a0000000,0x00000000a0006000,0x00000000b5580000)
 Metaspace       used 20717K, capacity 21112K, committed 21248K, reserved 1067008K
  class space    used 2870K, capacity 3035K, committed 3072K, reserved 1048576K
Event: 2.198 GC heap after
Heap after GC invocations=3 (full 1):
 PSYoungGen      total 153088K, used 0K [0x00000000e0000000, 0x00000000f2b00000, 0x0000000100000000)
  eden space 131584K, 0% used [0x00000000e0000000,0x00000000e0000000,0x00000000e8080000)
  from space 21504K, 0% used [0x00000000e9580000,0x00000000e9580000,0x00000000eaa80000)
  to   space 21504K, 0% used [0x00000000e8080000,0x00000000e8080000,0x00000000e9580000)
 ParOldGen       total 209408K, used 7937K [0x00000000a0000000, 0x00000000acc80000, 0x00000000e0000000)
  object space 209408K, 3% used [0x00000000a0000000,0x00000000a07c0778,0x00000000acc80000)
 Metaspace       used 20717K, capacity 21112K, committed 21248K, reserved 1067008K
  class space    used 2870K, capacity 3035K, committed 3072K, reserved 1048576K
}
Event: 3.575 GC heap before
{Heap before GC invocations=4 (full 1):
 PSYoungGen      total 153088K, used 131584K [0x00000000e0000000, 0x00000000f2b00000, 0x0000000100000000)
  eden space 131584K, 100% used [0x00000000e0000000,0x00000000e8080000,0x00000000e8080000)
  from space 21504K, 0% used [0x00000000e9580000,0x00000000e9580000,0x00000000eaa80000)
  to   space 21504K, 0% used [0x00000000e8080000,0x00000000e8080000,0x00000000e9580000)
 ParOldGen       total 209408K, used 7937K [0x00000000a0000000, 0x00000000acc80000, 0x00000000e0000000)
  object space 209408K, 3% used [0x00000000a0000000,0x00000000a07c0778,0x00000000acc80000)
 Metaspace       used 31022K, capacity 31658K, committed 31744K, reserved 1077248K
  class space    used 4299K, capacity 4580K, committed 4608K, reserved 1048576K
Event: 3.585 GC heap after
Heap after GC invocations=4 (full 1):
 PSYoungGen      total 153088K, used 13234K [0x00000000e0000000, 0x00000000ee200000, 0x0000000100000000)
  eden space 131584K, 0% used [0x00000000e0000000,0x00000000e0000000,0x00000000e8080000)
  from space 21504K, 61% used [0x00000000e8080000,0x00000000e8d6c978,0x00000000e9580000)
  to   space 21504K, 0% used [0x00000000ecd00000,0x00000000ecd00000,0x00000000ee200000)
 ParOldGen       total 209408K, used 8009K [0x00000000a0000000, 0x00000000acc80000, 0x00000000e0000000)
  object space 209408K, 3% used [0x00000000a0000000,0x00000000a07d2788,0x00000000acc80000)
 Metaspace       used 31022K, capacity 31658K, committed 31744K, reserved 1077248K
  class space    used 4299K, capacity 4580K, committed 4608K, reserved 1048576K
}
Event: 4.361 GC heap before
{Heap before GC invocations=5 (full 1):
 PSYoungGen      total 153088K, used 90216K [0x00000000e0000000, 0x00000000ee200000, 0x0000000100000000)
  eden space 131584K, 58% used [0x00000000e0000000,0x00000000e4b2d730,0x00000000e8080000)
  from space 21504K, 61% used [0x00000000e8080000,0x00000000e8d6c978,0x00000000e9580000)
  to   space 21504K, 0% used [0x00000000ecd00000,0x00000000ecd00000,0x00000000ee200000)
 ParOldGen       total 209408K, used 8009K [0x00000000a0000000, 0x00000000acc80000, 0x00000000e0000000)
  object space 209408K, 3% used [0x00000000a0000000,0x00000000a07d2788,0x00000000acc80000)
 Metaspace       used 34504K, capacity 35304K, committed 35416K, reserved 1079296K
  class space    used 4708K, capacity 5034K, committed 5120K, reserved 1048576K
Event: 4.372 GC heap after
Heap after GC invocations=5 (full 1):
 PSYoungGen      total 209920K, used 10386K [0x00000000e0000000, 0x00000000ee380000, 0x0000000100000000)
  eden space 188416K, 0% used [0x00000000e0000000,0x00000000e0000000,0x00000000eb800000)
  from space 21504K, 48% used [0x00000000ecd00000,0x00000000ed724a80,0x00000000ee200000)
  to   space 21504K, 0% used [0x00000000eb800000,0x00000000eb800000,0x00000000ecd00000)
 ParOldGen       total 209408K, used 8017K [0x00000000a0000000, 0x00000000acc80000, 0x00000000e0000000)
  object space 209408K, 3% used [0x00000000a0000000,0x00000000a07d4788,0x00000000acc80000)
 Metaspace       used 34504K, capacity 35304K, committed 35416K, reserved 1079296K
  class space    used 4708K, capacity 5034K, committed 5120K, reserved 1048576K
}
Event: 4.372 GC heap before
{Heap before GC invocations=6 (full 2):
 PSYoungGen      total 209920K, used 10386K [0x00000000e0000000, 0x00000000ee380000, 0x0000000100000000)
  eden space 188416K, 0% used [0x00000000e0000000,0x00000000e0000000,0x00000000eb800000)
  from space 21504K, 48% used [0x00000000ecd00000,0x00000000ed724a80,0x00000000ee200000)
  to   space 21504K, 0% used [0x00000000eb800000,0x00000000eb800000,0x00000000ecd00000)
 ParOldGen       total 209408K, used 8017K [0x00000000a0000000, 0x00000000acc80000, 0x00000000e0000000)
  object space 209408K, 3% used [0x00000000a0000000,0x00000000a07d4788,0x00000000acc80000)
 Metaspace       used 34504K, capacity 35304K, committed 35416K, reserved 1079296K
  class space    used 4708K, capacity 5034K, committed 5120K, reserved 1048576K
Event: 4.413 GC heap after
Heap after GC invocations=6 (full 2):
 PSYoungGen      total 209920K, used 0K [0x00000000e0000000, 0x00000000ee380000, 0x0000000100000000)
  eden space 188416K, 0% used [0x00000000e0000000,0x00000000e0000000,0x00000000eb800000)
  from space 21504K, 0% used [0x00000000ecd00000,0x00000000ecd00000,0x00000000ee200000)
  to   space 21504K, 0% used [0x00000000eb800000,0x00000000eb800000,0x00000000ecd00000)
 ParOldGen       total 335872K, used 16385K [0x00000000a0000000, 0x00000000b4800000, 0x00000000e0000000)
  object space 335872K, 4% used [0x00000000a0000000,0x00000000a1000458,0x00000000b4800000)
 Metaspace       used 34504K, capacity 35304K, committed 35416K, reserved 1079296K
  class space    used 4708K, capacity 5034K, committed 5120K, reserved 1048576K
}

