# JRE version: OpenJDK Runtime Environment (8.0_152-b01) (build 1.8.0_152-release-915-b01)
# Java VM: OpenJDK 64-Bit Server VM (25.152-b01 mixed mode windows-amd64 compressed oops)
Heap:
 PSYoungGen      total 211456K, used 58958K [0x00000000e0000000, 0x00000000f3180000, 0x0000000100000000)
  eden space 189952K, 20% used [0x00000000e0000000,0x00000000e2699248,0x00000000eb980000)
  from space 21504K, 90% used [0x00000000eb980000,0x00000000ecc7a648,0x00000000ece80000)
  to   space 20480K, 0% used [0x00000000f1d80000,0x00000000f1d80000,0x00000000f3180000)
 ParOldGen       total 321024K, used 16507K [0x00000000a0000000, 0x00000000b3980000, 0x00000000e0000000)
  object space 321024K, 5% used [0x00000000a0000000,0x00000000a101ef08,0x00000000b3980000)
 Metaspace       used 51754K, capacity 53602K, committed 53632K, reserved 1095680K
  class space    used 7047K, capacity 7533K, committed 7552K, reserved 1048576K
GC Heap History (10 events):
Event: 2.983 GC heap before
{Heap before GC invocations=3 (full 1):
 PSYoungGen      total 153088K, used 8186K [0x00000000e0000000, 0x00000000eaa80000, 0x0000000100000000)
  eden space 131584K, 0% used [0x00000000e0000000,0x00000000e0000000,0x00000000e8080000)
  from space 21504K, 38% used [0x00000000e9580000,0x00000000e9d7e978,0x00000000eaa80000)
  to   space 21504K, 0% used [0x00000000e8080000,0x00000000e8080000,0x00000000e9580000)
 ParOldGen       total 349696K, used 24K [0x00000000a0000000, 0x00000000b5580000, 0x00000000e0000000)
  object space 349696K, 0% used [0x00000000a0000000,0x00000000a0006000,0x00000000b5580000)
 Metaspace       used 20662K, capacity 21130K, committed 21248K, reserved 1067008K
  class space    used 2861K, capacity 3038K, committed 3072K, reserved 1048576K
Event: 3.013 GC heap after
Heap after GC invocations=3 (full 1):
 PSYoungGen      total 153088K, used 0K [0x00000000e0000000, 0x00000000eaa80000, 0x0000000100000000)
  eden space 131584K, 0% used [0x00000000e0000000,0x00000000e0000000,0x00000000e8080000)
  from space 21504K, 0% used [0x00000000e9580000,0x00000000e9580000,0x00000000eaa80000)
  to   space 21504K, 0% used [0x00000000e8080000,0x00000000e8080000,0x00000000e9580000)
 ParOldGen       total 202240K, used 7909K [0x00000000a0000000, 0x00000000ac580000, 0x00000000e0000000)
  object space 202240K, 3% used [0x00000000a0000000,0x00000000a07b94a8,0x00000000ac580000)
 Metaspace       used 20662K, capacity 21130K, committed 21248K, reserved 1067008K
  class space    used 2861K, capacity 3038K, committed 3072K, reserved 1048576K
}
Event: 4.523 GC heap before
{Heap before GC invocations=4 (full 1):
 PSYoungGen      total 153088K, used 131584K [0x00000000e0000000, 0x00000000eaa80000, 0x0000000100000000)
  eden space 131584K, 100% used [0x00000000e0000000,0x00000000e8080000,0x00000000e8080000)
  from space 21504K, 0% used [0x00000000e9580000,0x00000000e9580000,0x00000000eaa80000)
  to   space 21504K, 0% used [0x00000000e8080000,0x00000000e8080000,0x00000000e9580000)
 ParOldGen       total 202240K, used 7909K [0x00000000a0000000, 0x00000000ac580000, 0x00000000e0000000)
  object space 202240K, 3% used [0x00000000a0000000,0x00000000a07b94a8,0x00000000ac580000)
 Metaspace       used 31111K, capacity 31868K, committed 32000K, reserved 1077248K
  class space    used 4306K, capacity 4583K, committed 4608K, reserved 1048576K
Event: 4.533 GC heap after
Heap after GC invocations=4 (full 1):
 PSYoungGen      total 153088K, used 13479K [0x00000000e0000000, 0x00000000eea00000, 0x0000000100000000)
  eden space 131584K, 0% used [0x00000000e0000000,0x00000000e0000000,0x00000000e8080000)
  from space 21504K, 62% used [0x00000000e8080000,0x00000000e8da9c58,0x00000000e9580000)
  to   space 21504K, 0% used [0x00000000ed500000,0x00000000ed500000,0x00000000eea00000)
 ParOldGen       total 202240K, used 7981K [0x00000000a0000000, 0x00000000ac580000, 0x00000000e0000000)
  object space 202240K, 3% used [0x00000000a0000000,0x00000000a07cb4b8,0x00000000ac580000)
 Metaspace       used 31111K, capacity 31868K, committed 32000K, reserved 1077248K
  class space    used 4306K, capacity 4583K, committed 4608K, reserved 1048576K
}
Event: 7.849 GC heap before
{Heap before GC invocations=5 (full 1):
 PSYoungGen      total 153088K, used 92422K [0x00000000e0000000, 0x00000000eea00000, 0x0000000100000000)
  eden space 131584K, 59% used [0x00000000e0000000,0x00000000e4d17d68,0x00000000e8080000)
  from space 21504K, 62% used [0x00000000e8080000,0x00000000e8da9c58,0x00000000e9580000)
  to   space 21504K, 0% used [0x00000000ed500000,0x00000000ed500000,0x00000000eea00000)
 ParOldGen       total 202240K, used 7981K [0x00000000a0000000, 0x00000000ac580000, 0x00000000e0000000)
  object space 202240K, 3% used [0x00000000a0000000,0x00000000a07cb4b8,0x00000000ac580000)
 Metaspace       used 34443K, capacity 35322K, committed 35416K, reserved 1079296K
  class space    used 4705K, capacity 5037K, committed 5120K, reserved 1048576K
Event: 7.857 GC heap after
Heap after GC invocations=5 (full 1):
 PSYoungGen      total 204800K, used 10501K [0x00000000e0000000, 0x00000000ee380000, 0x0000000100000000)
  eden space 189952K, 0% used [0x00000000e0000000,0x00000000e0000000,0x00000000eb980000)
  from space 14848K, 70% used [0x00000000ed500000,0x00000000edf41590,0x00000000ee380000)
  to   space 21504K, 0% used [0x00000000eb980000,0x00000000eb980000,0x00000000ece80000)
 ParOldGen       total 202240K, used 7989K [0x00000000a0000000, 0x00000000ac580000, 0x00000000e0000000)
  object space 202240K, 3% used [0x00000000a0000000,0x00000000a07cd4b8,0x00000000ac580000)
 Metaspace       used 34443K, capacity 35322K, committed 35416K, reserved 1079296K
  class space    used 4705K, capacity 5037K, committed 5120K, reserved 1048576K
}
Event: 7.857 GC heap before
{Heap before GC invocations=6 (full 2):
 PSYoungGen      total 204800K, used 10501K [0x00000000e0000000, 0x00000000ee380000, 0x0000000100000000)
  eden space 189952K, 0% used [0x00000000e0000000,0x00000000e0000000,0x00000000eb980000)
  from space 14848K, 70% used [0x00000000ed500000,0x00000000edf41590,0x00000000ee380000)
  to   space 21504K, 0% used [0x00000000eb980000,0x00000000eb980000,0x00000000ece80000)
 ParOldGen       total 202240K, used 7989K [0x00000000a0000000, 0x00000000ac580000, 0x00000000e0000000)
  object space 202240K, 3% used [0x00000000a0000000,0x00000000a07cd4b8,0x00000000ac580000)
 Metaspace       used 34443K, capacity 35322K, committed 35416K, reserved 1079296K
  class space    used 4705K, capacity 5037K, committed 5120K, reserved 1048576K
Event: 7.904 GC heap after
Heap after GC invocations=6 (full 2):
 PSYoungGen      total 204800K, used 0K [0x00000000e0000000, 0x00000000ee380000, 0x0000000100000000)
  eden space 189952K, 0% used [0x00000000e0000000,0x00000000e0000000,0x00000000eb980000)
  from space 14848K, 0% used [0x00000000ed500000,0x00000000ed500000,0x00000000ee380000)
  to   space 21504K, 0% used [0x00000000eb980000,0x00000000eb980000,0x00000000ece80000)
 ParOldGen       total 321024K, used 16499K [0x00000000a0000000, 0x00000000b3980000, 0x00000000e0000000)
  object space 321024K, 5% used [0x00000000a0000000,0x00000000a101cf08,0x00000000b3980000)
 Metaspace       used 34443K, capacity 35322K, committed 35416K, reserved 1079296K
  class space    used 4705K, capacity 5037K, committed 5120K, reserved 1048576K
}
Event: 10.118 GC heap before
{Heap before GC invocations=7 (full 2):
 PSYoungGen      total 204800K, used 189952K [0x00000000e0000000, 0x00000000ee380000, 0x0000000100000000)
  eden space 189952K, 100% used [0x00000000e0000000,0x00000000eb980000,0x00000000eb980000)
  from space 14848K, 0% used [0x00000000ed500000,0x00000000ed500000,0x00000000ee380000)
  to   space 21504K, 0% used [0x00000000eb980000,0x00000000eb980000,0x00000000ece80000)
 ParOldGen       total 321024K, used 16499K [0x00000000a0000000, 0x00000000b3980000, 0x00000000e0000000)
  object space 321024K, 5% used [0x00000000a0000000,0x00000000a101cf08,0x00000000b3980000)
 Metaspace       used 49752K, capacity 51400K, committed 51584K, reserved 1093632K
  class space    used 6723K, capacity 7180K, committed 7296K, reserved 1048576K
Event: 10.134 GC heap after
Heap after GC invocations=7 (full 2):
 PSYoungGen      total 211456K, used 19433K [0x00000000e0000000, 0x00000000f3180000, 0x0000000100000000)
  eden space 189952K, 0% used [0x00000000e0000000,0x00000000e0000000,0x00000000eb980000)
  from space 21504K, 90% used [0x00000000eb980000,0x00000000ecc7a648,0x00000000ece80000)
  to   space 20480K, 0% used [0x00000000f1d80000,0x00000000f1d80000,0x00000000f3180000)
 ParOldGen       total 321024K, used 16507K [0x00000000a0000000, 0x00000000b3980000, 0x00000000e0000000)
  object space 321024K, 5% used [0x00000000a0000000,0x00000000a101ef08,0x00000000b3980000)
 Metaspace       used 49752K, capacity 51400K, committed 51584K, reserved 1093632K
  class space    used 6723K, capacity 7180K, committed 7296K, reserved 1048576K
}

