# JRE version: OpenJDK Runtime Environment (8.0_152-b01) (build 1.8.0_152-release-915-b01)
# Java VM: OpenJDK 64-Bit Server VM (25.152-b01 mixed mode windows-amd64 compressed oops)
Heap:
 PSYoungGen      total 199680K, used 87165K [0x00000000e0000000, 0x00000000f1980000, 0x0000000100000000)
  eden space 178176K, 38% used [0x00000000e0000000,0x00000000e4361ca0,0x00000000eae00000)
  from space 21504K, 84% used [0x00000000eae00000,0x00000000ebfbd850,0x00000000ec300000)
  to   space 19456K, 0% used [0x00000000f0680000,0x00000000f0680000,0x00000000f1980000)
 ParOldGen       total 347136K, used 16462K [0x00000000a0000000, 0x00000000b5300000, 0x00000000e0000000)
  object space 347136K, 4% used [0x00000000a0000000,0x00000000a1013800,0x00000000b5300000)
 Metaspace       used 52506K, capacity 54292K, committed 54528K, reserved 1095680K
  class space    used 7177K, capacity 7661K, committed 7680K, reserved 1048576K
GC Heap History (10 events):
Event: 2.982 GC heap before
{Heap before GC invocations=3 (full 1):
 PSYoungGen      total 153088K, used 8182K [0x00000000e0000000, 0x00000000f2b00000, 0x0000000100000000)
  eden space 131584K, 0% used [0x00000000e0000000,0x00000000e0000000,0x00000000e8080000)
  from space 21504K, 38% used [0x00000000e9580000,0x00000000e9d7d9b0,0x00000000eaa80000)
  to   space 21504K, 0% used [0x00000000e8080000,0x00000000e8080000,0x00000000e9580000)
 ParOldGen       total 349696K, used 24K [0x00000000a0000000, 0x00000000b5580000, 0x00000000e0000000)
  object space 349696K, 0% used [0x00000000a0000000,0x00000000a0006000,0x00000000b5580000)
 Metaspace       used 20695K, capacity 21112K, committed 21248K, reserved 1067008K
  class space    used 2866K, capacity 3035K, committed 3072K, reserved 1048576K
Event: 3.030 GC heap after
Heap after GC invocations=3 (full 1):
 PSYoungGen      total 153088K, used 0K [0x00000000e0000000, 0x00000000f2b00000, 0x0000000100000000)
  eden space 131584K, 0% used [0x00000000e0000000,0x00000000e0000000,0x00000000e8080000)
  from space 21504K, 0% used [0x00000000e9580000,0x00000000e9580000,0x00000000eaa80000)
  to   space 21504K, 0% used [0x00000000e8080000,0x00000000e8080000,0x00000000e9580000)
 ParOldGen       total 214016K, used 7931K [0x00000000a0000000, 0x00000000ad100000, 0x00000000e0000000)
  object space 214016K, 3% used [0x00000000a0000000,0x00000000a07bef18,0x00000000ad100000)
 Metaspace       used 20695K, capacity 21112K, committed 21248K, reserved 1067008K
  class space    used 2866K, capacity 3035K, committed 3072K, reserved 1048576K
}
Event: 4.655 GC heap before
{Heap before GC invocations=4 (full 1):
 PSYoungGen      total 153088K, used 131584K [0x00000000e0000000, 0x00000000f2b00000, 0x0000000100000000)
  eden space 131584K, 100% used [0x00000000e0000000,0x00000000e8080000,0x00000000e8080000)
  from space 21504K, 0% used [0x00000000e9580000,0x00000000e9580000,0x00000000eaa80000)
  to   space 21504K, 0% used [0x00000000e8080000,0x00000000e8080000,0x00000000e9580000)
 ParOldGen       total 214016K, used 7931K [0x00000000a0000000, 0x00000000ad100000, 0x00000000e0000000)
  object space 214016K, 3% used [0x00000000a0000000,0x00000000a07bef18,0x00000000ad100000)
 Metaspace       used 31080K, capacity 31722K, committed 32000K, reserved 1077248K
  class space    used 4298K, capacity 4580K, committed 4608K, reserved 1048576K
Event: 4.667 GC heap after
Heap after GC invocations=4 (full 1):
 PSYoungGen      total 153088K, used 13238K [0x00000000e0000000, 0x00000000ede00000, 0x0000000100000000)
  eden space 131584K, 0% used [0x00000000e0000000,0x00000000e0000000,0x00000000e8080000)
  from space 21504K, 61% used [0x00000000e8080000,0x00000000e8d6d8e0,0x00000000e9580000)
  to   space 21504K, 0% used [0x00000000ec900000,0x00000000ec900000,0x00000000ede00000)
 ParOldGen       total 214016K, used 8003K [0x00000000a0000000, 0x00000000ad100000, 0x00000000e0000000)
  object space 214016K, 3% used [0x00000000a0000000,0x00000000a07d0f28,0x00000000ad100000)
 Metaspace       used 31080K, capacity 31722K, committed 32000K, reserved 1077248K
  class space    used 4298K, capacity 4580K, committed 4608K, reserved 1048576K
}
Event: 7.873 GC heap before
{Heap before GC invocations=5 (full 1):
 PSYoungGen      total 153088K, used 88246K [0x00000000e0000000, 0x00000000ede00000, 0x0000000100000000)
  eden space 131584K, 57% used [0x00000000e0000000,0x00000000e493ff70,0x00000000e8080000)
  from space 21504K, 61% used [0x00000000e8080000,0x00000000e8d6d8e0,0x00000000e9580000)
  to   space 21504K, 0% used [0x00000000ec900000,0x00000000ec900000,0x00000000ede00000)
 ParOldGen       total 214016K, used 8003K [0x00000000a0000000, 0x00000000ad100000, 0x00000000e0000000)
  object space 214016K, 3% used [0x00000000a0000000,0x00000000a07d0f28,0x00000000ad100000)
 Metaspace       used 34533K, capacity 35304K, committed 35416K, reserved 1079296K
  class space    used 4717K, capacity 5034K, committed 5120K, reserved 1048576K
Event: 7.881 GC heap after
Heap after GC invocations=5 (full 1):
 PSYoungGen      total 193536K, used 10415K [0x00000000e0000000, 0x00000000ed800000, 0x0000000100000000)
  eden space 178176K, 0% used [0x00000000e0000000,0x00000000e0000000,0x00000000eae00000)
  from space 15360K, 67% used [0x00000000ec900000,0x00000000ed32bd70,0x00000000ed800000)
  to   space 21504K, 0% used [0x00000000eae00000,0x00000000eae00000,0x00000000ec300000)
 ParOldGen       total 214016K, used 8011K [0x00000000a0000000, 0x00000000ad100000, 0x00000000e0000000)
  object space 214016K, 3% used [0x00000000a0000000,0x00000000a07d2f28,0x00000000ad100000)
 Metaspace       used 34533K, capacity 35304K, committed 35416K, reserved 1079296K
  class space    used 4717K, capacity 5034K, committed 5120K, reserved 1048576K
}
Event: 7.881 GC heap before
{Heap before GC invocations=6 (full 2):
 PSYoungGen      total 193536K, used 10415K [0x00000000e0000000, 0x00000000ed800000, 0x0000000100000000)
  eden space 178176K, 0% used [0x00000000e0000000,0x00000000e0000000,0x00000000eae00000)
  from space 15360K, 67% used [0x00000000ec900000,0x00000000ed32bd70,0x00000000ed800000)
  to   space 21504K, 0% used [0x00000000eae00000,0x00000000eae00000,0x00000000ec300000)
 ParOldGen       total 214016K, used 8011K [0x00000000a0000000, 0x00000000ad100000, 0x00000000e0000000)
  object space 214016K, 3% used [0x00000000a0000000,0x00000000a07d2f28,0x00000000ad100000)
 Metaspace       used 34533K, capacity 35304K, committed 35416K, reserved 1079296K
  class space    used 4717K, capacity 5034K, committed 5120K, reserved 1048576K
Event: 7.929 GC heap after
Heap after GC invocations=6 (full 2):
 PSYoungGen      total 193536K, used 0K [0x00000000e0000000, 0x00000000ed800000, 0x0000000100000000)
  eden space 178176K, 0% used [0x00000000e0000000,0x00000000e0000000,0x00000000eae00000)
  from space 15360K, 0% used [0x00000000ec900000,0x00000000ec900000,0x00000000ed800000)
  to   space 21504K, 0% used [0x00000000eae00000,0x00000000eae00000,0x00000000ec300000)
 ParOldGen       total 347136K, used 16454K [0x00000000a0000000, 0x00000000b5300000, 0x00000000e0000000)
  object space 347136K, 4% used [0x00000000a0000000,0x00000000a1011800,0x00000000b5300000)
 Metaspace       used 34533K, capacity 35304K, committed 35416K, reserved 1079296K
  class space    used 4717K, capacity 5034K, committed 5120K, reserved 1048576K
}
Event: 10.005 GC heap before
{Heap before GC invocations=7 (full 2):
 PSYoungGen      total 193536K, used 178176K [0x00000000e0000000, 0x00000000ed800000, 0x0000000100000000)
  eden space 178176K, 100% used [0x00000000e0000000,0x00000000eae00000,0x00000000eae00000)
  from space 15360K, 0% used [0x00000000ec900000,0x00000000ec900000,0x00000000ed800000)
  to   space 21504K, 0% used [0x00000000eae00000,0x00000000eae00000,0x00000000ec300000)
 ParOldGen       total 347136K, used 16454K [0x00000000a0000000, 0x00000000b5300000, 0x00000000e0000000)
  object space 347136K, 4% used [0x00000000a0000000,0x00000000a1011800,0x00000000b5300000)
 Metaspace       used 48760K, capacity 50142K, committed 50304K, reserved 1093632K
  class space    used 6574K, capacity 7035K, committed 7040K, reserved 1048576K
Event: 10.023 GC heap after
Heap after GC invocations=7 (full 2):
 PSYoungGen      total 199680K, used 18166K [0x00000000e0000000, 0x00000000f1980000, 0x0000000100000000)
  eden space 178176K, 0% used [0x00000000e0000000,0x00000000e0000000,0x00000000eae00000)
  from space 21504K, 84% used [0x00000000eae00000,0x00000000ebfbd850,0x00000000ec300000)
  to   space 19456K, 0% used [0x00000000f0680000,0x00000000f0680000,0x00000000f1980000)
 ParOldGen       total 347136K, used 16462K [0x00000000a0000000, 0x00000000b5300000, 0x00000000e0000000)
  object space 347136K, 4% used [0x00000000a0000000,0x00000000a1013800,0x00000000b5300000)
 Metaspace       used 48760K, capacity 50142K, committed 50304K, reserved 1093632K
  class space    used 6574K, capacity 7035K, committed 7040K, reserved 1048576K
}

