# JRE version: OpenJDK Runtime Environment (8.0_152-b01) (build 1.8.0_152-release-915-b01)
# Java VM: OpenJDK 64-Bit Server VM (25.152-b01 mixed mode windows-amd64 compressed oops)
Heap:
 PSYoungGen      total 416768K, used 99334K [0x00000000e0000000, 0x0000000100000000, 0x0000000100000000)
  eden space 339968K, 29% used [0x00000000e0000000,0x00000000e6101a48,0x00000000f4c00000)
  from space 76800K, 0% used [0x00000000f5480000,0x00000000f5480000,0x00000000f9f80000)
  to   space 96256K, 0% used [0x00000000fa200000,0x00000000fa200000,0x0000000100000000)
 ParOldGen       total 571392K, used 67897K [0x00000000a0000000, 0x00000000c2e00000, 0x00000000e0000000)
  object space 571392K, 11% used [0x00000000a0000000,0x00000000a424e6c8,0x00000000c2e00000)
 Metaspace       used 96557K, capacity 100453K, committed 101208K, reserved 1138688K
  class space    used 11810K, capacity 12708K, committed 12928K, reserved 1048576K
GC Heap History (10 events):
Event: 526.065 GC heap before
{Heap before GC invocations=15 (full 3):
 PSYoungGen      total 416256K, used 416246K [0x00000000e0000000, 0x0000000100000000, 0x0000000100000000)
  eden space 376832K, 100% used [0x00000000e0000000,0x00000000f7000000,0x00000000f7000000)
  from space 39424K, 99% used [0x00000000f7000000,0x00000000f967d980,0x00000000f9680000)
  to   space 59392K, 0% used [0x00000000fc600000,0x00000000fc600000,0x0000000100000000)
 ParOldGen       total 365056K, used 89614K [0x00000000a0000000, 0x00000000b6480000, 0x00000000e0000000)
  object space 365056K, 24% used [0x00000000a0000000,0x00000000a5783ac0,0x00000000b6480000)
 Metaspace       used 84399K, capacity 87875K, committed 88152K, reserved 1126400K
  class space    used 10523K, capacity 11309K, committed 11392K, reserved 1048576K
Event: 526.100 GC heap after
Heap after GC invocations=15 (full 3):
 PSYoungGen      total 426496K, used 59377K [0x00000000e0000000, 0x0000000100000000, 0x0000000100000000)
  eden space 367104K, 0% used [0x00000000e0000000,0x00000000e0000000,0x00000000f6680000)
  from space 59392K, 99% used [0x00000000fc600000,0x00000000ffffc730,0x0000000100000000)
  to   space 72192K, 0% used [0x00000000f7300000,0x00000000f7300000,0x00000000fb980000)
 ParOldGen       total 365056K, used 99188K [0x00000000a0000000, 0x00000000b6480000, 0x00000000e0000000)
  object space 365056K, 27% used [0x00000000a0000000,0x00000000a60dd078,0x00000000b6480000)
 Metaspace       used 84399K, capacity 87875K, committed 88152K, reserved 1126400K
  class space    used 10523K, capacity 11309K, committed 11392K, reserved 1048576K
}
Event: 529.221 GC heap before
{Heap before GC invocations=16 (full 3):
 PSYoungGen      total 426496K, used 426446K [0x00000000e0000000, 0x0000000100000000, 0x0000000100000000)
  eden space 367104K, 99% used [0x00000000e0000000,0x00000000f6677298,0x00000000f6680000)
  from space 59392K, 99% used [0x00000000fc600000,0x00000000ffffc730,0x0000000100000000)
  to   space 72192K, 0% used [0x00000000f7300000,0x00000000f7300000,0x00000000fb980000)
 ParOldGen       total 365056K, used 99188K [0x00000000a0000000, 0x00000000b6480000, 0x00000000e0000000)
  object space 365056K, 27% used [0x00000000a0000000,0x00000000a60dd078,0x00000000b6480000)
 Metaspace       used 90234K, capacity 93737K, committed 93912K, reserved 1130496K
  class space    used 11155K, capacity 11960K, committed 12032K, reserved 1048576K
Event: 529.253 GC heap after
Heap after GC invocations=16 (full 3):
 PSYoungGen      total 420864K, used 62770K [0x00000000e0000000, 0x00000000ff980000, 0x0000000100000000)
  eden space 357888K, 0% used [0x00000000e0000000,0x00000000e0000000,0x00000000f5d80000)
  from space 62976K, 99% used [0x00000000f7300000,0x00000000fb04c9e8,0x00000000fb080000)
  to   space 74752K, 0% used [0x00000000fb080000,0x00000000fb080000,0x00000000ff980000)
 ParOldGen       total 365056K, used 119492K [0x00000000a0000000, 0x00000000b6480000, 0x00000000e0000000)
  object space 365056K, 32% used [0x00000000a0000000,0x00000000a74b1348,0x00000000b6480000)
 Metaspace       used 90234K, capacity 93737K, committed 93912K, reserved 1130496K
  class space    used 11155K, capacity 11960K, committed 12032K, reserved 1048576K
}
Event: 1459.198 GC heap before
{Heap before GC invocations=17 (full 3):
 PSYoungGen      total 420864K, used 420602K [0x00000000e0000000, 0x00000000ff980000, 0x0000000100000000)
  eden space 357888K, 99% used [0x00000000e0000000,0x00000000f5d72080,0x00000000f5d80000)
  from space 62976K, 99% used [0x00000000f7300000,0x00000000fb04c9e8,0x00000000fb080000)
  to   space 74752K, 0% used [0x00000000fb080000,0x00000000fb080000,0x00000000ff980000)
 ParOldGen       total 365056K, used 119492K [0x00000000a0000000, 0x00000000b6480000, 0x00000000e0000000)
  object space 365056K, 32% used [0x00000000a0000000,0x00000000a74b1348,0x00000000b6480000)
 Metaspace       used 91015K, capacity 95027K, committed 95320K, reserved 1132544K
  class space    used 11221K, capacity 12117K, committed 12160K, reserved 1048576K
Event: 1459.228 GC heap after
Heap after GC invocations=17 (full 3):
 PSYoungGen      total 423424K, used 63409K [0x00000000e0000000, 0x00000000ffd80000, 0x0000000100000000)
  eden space 348672K, 0% used [0x00000000e0000000,0x00000000e0000000,0x00000000f5480000)
  from space 74752K, 84% used [0x00000000fb080000,0x00000000fee6c550,0x00000000ff980000)
  to   space 86528K, 0% used [0x00000000f5480000,0x00000000f5480000,0x00000000fa900000)
 ParOldGen       total 365056K, used 119500K [0x00000000a0000000, 0x00000000b6480000, 0x00000000e0000000)
  object space 365056K, 32% used [0x00000000a0000000,0x00000000a74b3348,0x00000000b6480000)
 Metaspace       used 91015K, capacity 95027K, committed 95320K, reserved 1132544K
  class space    used 11221K, capacity 12117K, committed 12160K, reserved 1048576K
}
Event: 1531.553 GC heap before
{Heap before GC invocations=18 (full 3):
 PSYoungGen      total 423424K, used 337876K [0x00000000e0000000, 0x00000000ffd80000, 0x0000000100000000)
  eden space 348672K, 78% used [0x00000000e0000000,0x00000000f0c08c68,0x00000000f5480000)
  from space 74752K, 84% used [0x00000000fb080000,0x00000000fee6c550,0x00000000ff980000)
  to   space 86528K, 0% used [0x00000000f5480000,0x00000000f5480000,0x00000000fa900000)
 ParOldGen       total 365056K, used 119500K [0x00000000a0000000, 0x00000000b6480000, 0x00000000e0000000)
  object space 365056K, 32% used [0x00000000a0000000,0x00000000a74b3348,0x00000000b6480000)
 Metaspace       used 94127K, capacity 98253K, committed 98380K, reserved 1134592K
  class space    used 11538K, capacity 12488K, committed 12544K, reserved 1048576K
Event: 1531.583 GC heap after
Heap after GC invocations=18 (full 3):
 PSYoungGen      total 416768K, used 76395K [0x00000000e0000000, 0x0000000100000000, 0x0000000100000000)
  eden space 339968K, 0% used [0x00000000e0000000,0x00000000e0000000,0x00000000f4c00000)
  from space 76800K, 99% used [0x00000000f5480000,0x00000000f9f1ae78,0x00000000f9f80000)
  to   space 96256K, 0% used [0x00000000fa200000,0x00000000fa200000,0x0000000100000000)
 ParOldGen       total 365056K, used 119508K [0x00000000a0000000, 0x00000000b6480000, 0x00000000e0000000)
  object space 365056K, 32% used [0x00000000a0000000,0x00000000a74b5348,0x00000000b6480000)
 Metaspace       used 94127K, capacity 98253K, committed 98380K, reserved 1134592K
  class space    used 11538K, capacity 12488K, committed 12544K, reserved 1048576K
}
Event: 1531.583 GC heap before
{Heap before GC invocations=19 (full 4):
 PSYoungGen      total 416768K, used 76395K [0x00000000e0000000, 0x0000000100000000, 0x0000000100000000)
  eden space 339968K, 0% used [0x00000000e0000000,0x00000000e0000000,0x00000000f4c00000)
  from space 76800K, 99% used [0x00000000f5480000,0x00000000f9f1ae78,0x00000000f9f80000)
  to   space 96256K, 0% used [0x00000000fa200000,0x00000000fa200000,0x0000000100000000)
 ParOldGen       total 365056K, used 119508K [0x00000000a0000000, 0x00000000b6480000, 0x00000000e0000000)
  object space 365056K, 32% used [0x00000000a0000000,0x00000000a74b5348,0x00000000b6480000)
 Metaspace       used 94127K, capacity 98253K, committed 98380K, reserved 1134592K
  class space    used 11538K, capacity 12488K, committed 12544K, reserved 1048576K
Event: 1531.757 GC heap after
Heap after GC invocations=19 (full 4):
 PSYoungGen      total 416768K, used 0K [0x00000000e0000000, 0x0000000100000000, 0x0000000100000000)
  eden space 339968K, 0% used [0x00000000e0000000,0x00000000e0000000,0x00000000f4c00000)
  from space 76800K, 0% used [0x00000000f5480000,0x00000000f5480000,0x00000000f9f80000)
  to   space 96256K, 0% used [0x00000000fa200000,0x00000000fa200000,0x0000000100000000)
 ParOldGen       total 571392K, used 67897K [0x00000000a0000000, 0x00000000c2e00000, 0x00000000e0000000)
  object space 571392K, 11% used [0x00000000a0000000,0x00000000a424e6c8,0x00000000c2e00000)
 Metaspace       used 93870K, capacity 97765K, committed 98380K, reserved 1134592K
  class space    used 11483K, capacity 12388K, committed 12544K, reserved 1048576K
}

