# JRE version: OpenJDK Runtime Environment (8.0_152-b01) (build 1.8.0_152-release-915-b01)
# Java VM: OpenJDK 64-Bit Server VM (25.152-b01 mixed mode windows-amd64 compressed oops)
Heap:
 PSYoungGen      total 284672K, used 134548K [0x00000000e0000000, 0x00000000fa480000, 0x0000000100000000)
  eden space 263168K, 51% used [0x00000000e0000000,0x00000000e8365118,0x00000000f0100000)
  from space 21504K, 0% used [0x00000000f0100000,0x00000000f0100000,0x00000000f1600000)
  to   space 21504K, 0% used [0x00000000f8f80000,0x00000000f8f80000,0x00000000fa480000)
 ParOldGen       total 307712K, used 22855K [0x00000000a0000000, 0x00000000b2c80000, 0x00000000e0000000)
  object space 307712K, 7% used [0x00000000a0000000,0x00000000a1651d30,0x00000000b2c80000)
 Metaspace       used 46481K, capacity 47640K, committed 47872K, reserved 1091584K
  class space    used 6261K, capacity 6656K, committed 6656K, reserved 1048576K
GC Heap History (10 events):
Event: 1.958 GC heap before
{Heap before GC invocations=1 (full 0):
 PSYoungGen      total 153088K, used 131584K [0x00000000e0000000, 0x00000000eaa80000, 0x0000000100000000)
  eden space 131584K, 100% used [0x00000000e0000000,0x00000000e8080000,0x00000000e8080000)
  from space 21504K, 0% used [0x00000000e9580000,0x00000000e9580000,0x00000000eaa80000)
  to   space 21504K, 0% used [0x00000000e8080000,0x00000000e8080000,0x00000000e9580000)
 ParOldGen       total 349696K, used 0K [0x00000000a0000000, 0x00000000b5580000, 0x00000000e0000000)
  object space 349696K, 0% used [0x00000000a0000000,0x00000000a0000000,0x00000000b5580000)
 Metaspace       used 16683K, capacity 17042K, committed 17152K, reserved 1064960K
  class space    used 2390K, capacity 2553K, committed 2560K, reserved 1048576K
Event: 1.986 GC heap after
Heap after GC invocations=1 (full 0):
 PSYoungGen      total 153088K, used 14192K [0x00000000e0000000, 0x00000000f2b00000, 0x0000000100000000)
  eden space 131584K, 0% used [0x00000000e0000000,0x00000000e0000000,0x00000000e8080000)
  from space 21504K, 65% used [0x00000000e8080000,0x00000000e8e5c088,0x00000000e9580000)
  to   space 21504K, 0% used [0x00000000f1600000,0x00000000f1600000,0x00000000f2b00000)
 ParOldGen       total 349696K, used 16K [0x00000000a0000000, 0x00000000b5580000, 0x00000000e0000000)
  object space 349696K, 0% used [0x00000000a0000000,0x00000000a0004000,0x00000000b5580000)
 Metaspace       used 16683K, capacity 17042K, committed 17152K, reserved 1064960K
  class space    used 2390K, capacity 2553K, committed 2560K, reserved 1048576K
}
Event: 2.495 GC heap before
{Heap before GC invocations=2 (full 0):
 PSYoungGen      total 153088K, used 40133K [0x00000000e0000000, 0x00000000f2b00000, 0x0000000100000000)
  eden space 131584K, 19% used [0x00000000e0000000,0x00000000e1955400,0x00000000e8080000)
  from space 21504K, 65% used [0x00000000e8080000,0x00000000e8e5c088,0x00000000e9580000)
  to   space 21504K, 0% used [0x00000000f1600000,0x00000000f1600000,0x00000000f2b00000)
 ParOldGen       total 349696K, used 16K [0x00000000a0000000, 0x00000000b5580000, 0x00000000e0000000)
  object space 349696K, 0% used [0x00000000a0000000,0x00000000a0004000,0x00000000b5580000)
 Metaspace       used 20717K, capacity 21112K, committed 21248K, reserved 1067008K
  class space    used 2866K, capacity 3035K, committed 3072K, reserved 1048576K
Event: 2.503 GC heap after
Heap after GC invocations=2 (full 0):
 PSYoungGen      total 284672K, used 8273K [0x00000000e0000000, 0x00000000f2b00000, 0x0000000100000000)
  eden space 263168K, 0% used [0x00000000e0000000,0x00000000e0000000,0x00000000f0100000)
  from space 21504K, 38% used [0x00000000f1600000,0x00000000f1e14520,0x00000000f2b00000)
  to   space 21504K, 0% used [0x00000000f0100000,0x00000000f0100000,0x00000000f1600000)
 ParOldGen       total 349696K, used 24K [0x00000000a0000000, 0x00000000b5580000, 0x00000000e0000000)
  object space 349696K, 0% used [0x00000000a0000000,0x00000000a0006000,0x00000000b5580000)
 Metaspace       used 20717K, capacity 21112K, committed 21248K, reserved 1067008K
  class space    used 2866K, capacity 3035K, committed 3072K, reserved 1048576K
}
Event: 2.503 GC heap before
{Heap before GC invocations=3 (full 1):
 PSYoungGen      total 284672K, used 8273K [0x00000000e0000000, 0x00000000f2b00000, 0x0000000100000000)
  eden space 263168K, 0% used [0x00000000e0000000,0x00000000e0000000,0x00000000f0100000)
  from space 21504K, 38% used [0x00000000f1600000,0x00000000f1e14520,0x00000000f2b00000)
  to   space 21504K, 0% used [0x00000000f0100000,0x00000000f0100000,0x00000000f1600000)
 ParOldGen       total 349696K, used 24K [0x00000000a0000000, 0x00000000b5580000, 0x00000000e0000000)
  object space 349696K, 0% used [0x00000000a0000000,0x00000000a0006000,0x00000000b5580000)
 Metaspace       used 20717K, capacity 21112K, committed 21248K, reserved 1067008K
  class space    used 2866K, capacity 3035K, committed 3072K, reserved 1048576K
Event: 2.535 GC heap after
Heap after GC invocations=3 (full 1):
 PSYoungGen      total 284672K, used 0K [0x00000000e0000000, 0x00000000f2b00000, 0x0000000100000000)
  eden space 263168K, 0% used [0x00000000e0000000,0x00000000e0000000,0x00000000f0100000)
  from space 21504K, 0% used [0x00000000f1600000,0x00000000f1600000,0x00000000f2b00000)
  to   space 21504K, 0% used [0x00000000f0100000,0x00000000f0100000,0x00000000f1600000)
 ParOldGen       total 199168K, used 7939K [0x00000000a0000000, 0x00000000ac280000, 0x00000000e0000000)
  object space 199168K, 3% used [0x00000000a0000000,0x00000000a07c0ce0,0x00000000ac280000)
 Metaspace       used 20717K, capacity 21112K, committed 21248K, reserved 1067008K
  class space    used 2866K, capacity 3035K, committed 3072K, reserved 1048576K
}
Event: 7.659 GC heap before
{Heap before GC invocations=4 (full 1):
 PSYoungGen      total 284672K, used 218578K [0x00000000e0000000, 0x00000000f2b00000, 0x0000000100000000)
  eden space 263168K, 83% used [0x00000000e0000000,0x00000000ed574a58,0x00000000f0100000)
  from space 21504K, 0% used [0x00000000f1600000,0x00000000f1600000,0x00000000f2b00000)
  to   space 21504K, 0% used [0x00000000f0100000,0x00000000f0100000,0x00000000f1600000)
 ParOldGen       total 199168K, used 7939K [0x00000000a0000000, 0x00000000ac280000, 0x00000000e0000000)
  object space 199168K, 3% used [0x00000000a0000000,0x00000000a07c0ce0,0x00000000ac280000)
 Metaspace       used 34506K, capacity 35304K, committed 35416K, reserved 1079296K
  class space    used 4697K, capacity 5034K, committed 5120K, reserved 1048576K
Event: 7.675 GC heap after
Heap after GC invocations=4 (full 1):
 PSYoungGen      total 284672K, used 17207K [0x00000000e0000000, 0x00000000fa480000, 0x0000000100000000)
  eden space 263168K, 0% used [0x00000000e0000000,0x00000000e0000000,0x00000000f0100000)
  from space 21504K, 80% used [0x00000000f0100000,0x00000000f11cded0,0x00000000f1600000)
  to   space 21504K, 0% used [0x00000000f8f80000,0x00000000f8f80000,0x00000000fa480000)
 ParOldGen       total 199168K, used 8019K [0x00000000a0000000, 0x00000000ac280000, 0x00000000e0000000)
  object space 199168K, 4% used [0x00000000a0000000,0x00000000a07d4cf0,0x00000000ac280000)
 Metaspace       used 34506K, capacity 35304K, committed 35416K, reserved 1079296K
  class space    used 4697K, capacity 5034K, committed 5120K, reserved 1048576K
}
Event: 7.675 GC heap before
{Heap before GC invocations=5 (full 2):
 PSYoungGen      total 284672K, used 17207K [0x00000000e0000000, 0x00000000fa480000, 0x0000000100000000)
  eden space 263168K, 0% used [0x00000000e0000000,0x00000000e0000000,0x00000000f0100000)
  from space 21504K, 80% used [0x00000000f0100000,0x00000000f11cded0,0x00000000f1600000)
  to   space 21504K, 0% used [0x00000000f8f80000,0x00000000f8f80000,0x00000000fa480000)
 ParOldGen       total 199168K, used 8019K [0x00000000a0000000, 0x00000000ac280000, 0x00000000e0000000)
  object space 199168K, 4% used [0x00000000a0000000,0x00000000a07d4cf0,0x00000000ac280000)
 Metaspace       used 34506K, capacity 35304K, committed 35416K, reserved 1079296K
  class space    used 4697K, capacity 5034K, committed 5120K, reserved 1048576K
Event: 7.718 GC heap after
Heap after GC invocations=5 (full 2):
 PSYoungGen      total 284672K, used 0K [0x00000000e0000000, 0x00000000fa480000, 0x0000000100000000)
  eden space 263168K, 0% used [0x00000000e0000000,0x00000000e0000000,0x00000000f0100000)
  from space 21504K, 0% used [0x00000000f0100000,0x00000000f0100000,0x00000000f1600000)
  to   space 21504K, 0% used [0x00000000f8f80000,0x00000000f8f80000,0x00000000fa480000)
 ParOldGen       total 307712K, used 22855K [0x00000000a0000000, 0x00000000b2c80000, 0x00000000e0000000)
  object space 307712K, 7% used [0x00000000a0000000,0x00000000a1651d30,0x00000000b2c80000)
 Metaspace       used 34506K, capacity 35304K, committed 35416K, reserved 1079296K
  class space    used 4697K, capacity 5034K, committed 5120K, reserved 1048576K
}

