# JRE version: OpenJDK Runtime Environment (8.0_152-b01) (build 1.8.0_152-release-915-b01)
# Java VM: OpenJDK 64-Bit Server VM (25.152-b01 mixed mode windows-amd64 compressed oops)
Heap:
 PSYoungGen      total 205824K, used 203325K [0x00000000e0000000, 0x00000000f2980000, 0x0000000100000000)
  eden space 184320K, 100% used [0x00000000e0000000,0x00000000eb400000,0x00000000eb400000)
  from space 21504K, 88% used [0x00000000eb400000,0x00000000ec68f618,0x00000000ec900000)
  to   space 20480K, 99% used [0x00000000f1580000,0x00000000f297f2f8,0x00000000f2980000)
 ParOldGen       total 332288K, used 28008K [0x00000000a0000000, 0x00000000b4480000, 0x00000000e0000000)
  object space 332288K, 8% used [0x00000000a0000000,0x00000000a1b5a248,0x00000000b4480000)
 Metaspace       used 54455K, capacity 56588K, committed 56832K, reserved 1097728K
  class space    used 7506K, capacity 8079K, committed 8192K, reserved 1048576K
GC Heap History (10 events):
Event: 3.256 GC heap after
Heap after GC invocations=3 (full 1):
 PSYoungGen      total 153088K, used 0K [0x00000000e0000000, 0x00000000eaa80000, 0x0000000100000000)
  eden space 131584K, 0% used [0x00000000e0000000,0x00000000e0000000,0x00000000e8080000)
  from space 21504K, 0% used [0x00000000e9580000,0x00000000e9580000,0x00000000eaa80000)
  to   space 21504K, 0% used [0x00000000e8080000,0x00000000e8080000,0x00000000e9580000)
 ParOldGen       total 208384K, used 7968K [0x00000000a0000000, 0x00000000acb80000, 0x00000000e0000000)
  object space 208384K, 3% used [0x00000000a0000000,0x00000000a07c80a8,0x00000000acb80000)
 Metaspace       used 20718K, capacity 21130K, committed 21248K, reserved 1067008K
  class space    used 2870K, capacity 3038K, committed 3072K, reserved 1048576K
}
Event: 5.092 GC heap before
{Heap before GC invocations=4 (full 1):
 PSYoungGen      total 153088K, used 131584K [0x00000000e0000000, 0x00000000eaa80000, 0x0000000100000000)
  eden space 131584K, 100% used [0x00000000e0000000,0x00000000e8080000,0x00000000e8080000)
  from space 21504K, 0% used [0x00000000e9580000,0x00000000e9580000,0x00000000eaa80000)
  to   space 21504K, 0% used [0x00000000e8080000,0x00000000e8080000,0x00000000e9580000)
 ParOldGen       total 208384K, used 7968K [0x00000000a0000000, 0x00000000acb80000, 0x00000000e0000000)
  object space 208384K, 3% used [0x00000000a0000000,0x00000000a07c80a8,0x00000000acb80000)
 Metaspace       used 31107K, capacity 31804K, committed 32000K, reserved 1077248K
  class space    used 4305K, capacity 4583K, committed 4608K, reserved 1048576K
Event: 5.103 GC heap after
Heap after GC invocations=4 (full 1):
 PSYoungGen      total 153088K, used 13529K [0x00000000e0000000, 0x00000000ee400000, 0x0000000100000000)
  eden space 131584K, 0% used [0x00000000e0000000,0x00000000e0000000,0x00000000e8080000)
  from space 21504K, 62% used [0x00000000e8080000,0x00000000e8db66b8,0x00000000e9580000)
  to   space 21504K, 0% used [0x00000000ecf00000,0x00000000ecf00000,0x00000000ee400000)
 ParOldGen       total 208384K, used 7976K [0x00000000a0000000, 0x00000000acb80000, 0x00000000e0000000)
  object space 208384K, 3% used [0x00000000a0000000,0x00000000a07ca0a8,0x00000000acb80000)
 Metaspace       used 31107K, capacity 31804K, committed 32000K, reserved 1077248K
  class space    used 4305K, capacity 4583K, committed 4608K, reserved 1048576K
}
Event: 8.388 GC heap before
{Heap before GC invocations=5 (full 1):
 PSYoungGen      total 153088K, used 93559K [0x00000000e0000000, 0x00000000ee400000, 0x0000000100000000)
  eden space 131584K, 60% used [0x00000000e0000000,0x00000000e4e27860,0x00000000e8080000)
  from space 21504K, 62% used [0x00000000e8080000,0x00000000e8db66b8,0x00000000e9580000)
  to   space 21504K, 0% used [0x00000000ecf00000,0x00000000ecf00000,0x00000000ee400000)
 ParOldGen       total 208384K, used 7976K [0x00000000a0000000, 0x00000000acb80000, 0x00000000e0000000)
  object space 208384K, 3% used [0x00000000a0000000,0x00000000a07ca0a8,0x00000000acb80000)
 Metaspace       used 34511K, capacity 35322K, committed 35416K, reserved 1079296K
  class space    used 4714K, capacity 5037K, committed 5120K, reserved 1048576K
Event: 8.396 GC heap after
Heap after GC invocations=5 (full 1):
 PSYoungGen      total 199680K, used 10408K [0x00000000e0000000, 0x00000000ede00000, 0x0000000100000000)
  eden space 184320K, 0% used [0x00000000e0000000,0x00000000e0000000,0x00000000eb400000)
  from space 15360K, 67% used [0x00000000ecf00000,0x00000000ed92a390,0x00000000ede00000)
  to   space 21504K, 0% used [0x00000000eb400000,0x00000000eb400000,0x00000000ec900000)
 ParOldGen       total 208384K, used 8048K [0x00000000a0000000, 0x00000000acb80000, 0x00000000e0000000)
  object space 208384K, 3% used [0x00000000a0000000,0x00000000a07dc0b8,0x00000000acb80000)
 Metaspace       used 34511K, capacity 35322K, committed 35416K, reserved 1079296K
  class space    used 4714K, capacity 5037K, committed 5120K, reserved 1048576K
}
Event: 8.396 GC heap before
{Heap before GC invocations=6 (full 2):
 PSYoungGen      total 199680K, used 10408K [0x00000000e0000000, 0x00000000ede00000, 0x0000000100000000)
  eden space 184320K, 0% used [0x00000000e0000000,0x00000000e0000000,0x00000000eb400000)
  from space 15360K, 67% used [0x00000000ecf00000,0x00000000ed92a390,0x00000000ede00000)
  to   space 21504K, 0% used [0x00000000eb400000,0x00000000eb400000,0x00000000ec900000)
 ParOldGen       total 208384K, used 8048K [0x00000000a0000000, 0x00000000acb80000, 0x00000000e0000000)
  object space 208384K, 3% used [0x00000000a0000000,0x00000000a07dc0b8,0x00000000acb80000)
 Metaspace       used 34511K, capacity 35322K, committed 35416K, reserved 1079296K
  class space    used 4714K, capacity 5037K, committed 5120K, reserved 1048576K
Event: 8.438 GC heap after
Heap after GC invocations=6 (full 2):
 PSYoungGen      total 199680K, used 0K [0x00000000e0000000, 0x00000000ede00000, 0x0000000100000000)
  eden space 184320K, 0% used [0x00000000e0000000,0x00000000e0000000,0x00000000eb400000)
  from space 15360K, 0% used [0x00000000ecf00000,0x00000000ecf00000,0x00000000ede00000)
  to   space 21504K, 0% used [0x00000000eb400000,0x00000000eb400000,0x00000000ec900000)
 ParOldGen       total 332288K, used 16503K [0x00000000a0000000, 0x00000000b4480000, 0x00000000e0000000)
  object space 332288K, 4% used [0x00000000a0000000,0x00000000a101dc60,0x00000000b4480000)
 Metaspace       used 34511K, capacity 35322K, committed 35416K, reserved 1079296K
  class space    used 4714K, capacity 5037K, committed 5120K, reserved 1048576K
}
Event: 10.578 GC heap before
{Heap before GC invocations=7 (full 2):
 PSYoungGen      total 199680K, used 184320K [0x00000000e0000000, 0x00000000ede00000, 0x0000000100000000)
  eden space 184320K, 100% used [0x00000000e0000000,0x00000000eb400000,0x00000000eb400000)
  from space 15360K, 0% used [0x00000000ecf00000,0x00000000ecf00000,0x00000000ede00000)
  to   space 21504K, 0% used [0x00000000eb400000,0x00000000eb400000,0x00000000ec900000)
 ParOldGen       total 332288K, used 16503K [0x00000000a0000000, 0x00000000b4480000, 0x00000000e0000000)
  object space 332288K, 4% used [0x00000000a0000000,0x00000000a101dc60,0x00000000b4480000)
 Metaspace       used 49358K, capacity 50886K, committed 50944K, reserved 1093632K
  class space    used 6655K, capacity 7129K, committed 7168K, reserved 1048576K
Event: 10.594 GC heap after
Heap after GC invocations=7 (full 2):
 PSYoungGen      total 205824K, used 19005K [0x00000000e0000000, 0x00000000f2980000, 0x0000000100000000)
  eden space 184320K, 0% used [0x00000000e0000000,0x00000000e0000000,0x00000000eb400000)
  from space 21504K, 88% used [0x00000000eb400000,0x00000000ec68f618,0x00000000ec900000)
  to   space 20480K, 0% used [0x00000000f1580000,0x00000000f1580000,0x00000000f2980000)
 ParOldGen       total 332288K, used 16511K [0x00000000a0000000, 0x00000000b4480000, 0x00000000e0000000)
  object space 332288K, 4% used [0x00000000a0000000,0x00000000a101fc60,0x00000000b4480000)
 Metaspace       used 49358K, capacity 50886K, committed 50944K, reserved 1093632K
  class space    used 6655K, capacity 7129K, committed 7168K, reserved 1048576K
}
Event: 11.886 GC heap before
{Heap before GC invocations=8 (full 2):
 PSYoungGen      total 205824K, used 203325K [0x00000000e0000000, 0x00000000f2980000, 0x0000000100000000)
  eden space 184320K, 100% used [0x00000000e0000000,0x00000000eb400000,0x00000000eb400000)
  from space 21504K, 88% used [0x00000000eb400000,0x00000000ec68f618,0x00000000ec900000)
  to   space 20480K, 0% used [0x00000000f1580000,0x00000000f1580000,0x00000000f2980000)
 ParOldGen       total 332288K, used 16511K [0x00000000a0000000, 0x00000000b4480000, 0x00000000e0000000)
  object space 332288K, 4% used [0x00000000a0000000,0x00000000a101fc60,0x00000000b4480000)
 Metaspace       used 54455K, capacity 56588K, committed 56832K, reserved 1097728K
  class space    used 7506K, capacity 8079K, committed 8192K, reserved 1048576K

